{
  "uid" : "b840508e01c4823d",
  "name" : "test_demo.test_two",
  "fullName" : "testcase.test_demo.test_two",
  "historyId" : "4538ddb8fa2621e4beaf51522b30655d",
  "time" : {
    "start" : 1563591257875,
    "stop" : 1563591257910,
    "duration" : 35
  },
  "description" : "",
  "descriptionHtml" : "",
  "status" : "failed",
  "statusMessage" : "AssertionError: assert 1 == 2",
  "statusTrace" : "@pytest.mark.run(order=4)\n    def test_two():\n>       assert 1 == 2\nE       assert 1 == 2\n\ntestcase/test_demo.py:7: AssertionError",
  "flaky" : false,
  "beforeStages" : [ ],
  "afterStages" : [ ],
  "labels" : [ {
    "name" : "framework",
    "value" : "pytest"
  }, {
    "name" : "host",
    "value" : "anxiaodongdeMacBook-Pro.local"
  }, {
    "name" : "language",
    "value" : "cpython3"
  }, {
    "name" : "severity",
    "value" : "normal"
  }, {
    "name" : "thread",
    "value" : "95243-MainThread"
  }, {
    "name" : "suite",
    "value" : "testcase"
  }, {
    "name" : "testClass",
    "value" : "testcase"
  }, {
    "name" : "testMethod",
    "value" : "test_demo.test_two"
  }, {
    "name" : "package",
    "value" : "testcase"
  }, {
    "name" : "resultFormat",
    "value" : "allure1"
  } ],
  "parameters" : [ ],
  "links" : [ ],
  "hidden" : false,
  "retry" : false,
  "extra" : {
    "severity" : "normal",
    "retries" : [ ],
    "categories" : [ {
      "name" : "Product defects",
      "matchedStatuses" : [ ],
      "flaky" : false
    } ],
    "tags" : [ ]
  },
  "source" : "b840508e01c4823d.json",
  "parameterValues" : [ ]
}